Change Component Designator: Old Designator=C124 New Designator=C140
Change Component Designator: Old Designator=C125 New Designator=C141
Change Component Designator: Old Designator=C126 New Designator=C142
Change Component Designator: Old Designator=C127 New Designator=C143
Change Component Designator: Old Designator=C128 New Designator=C144
Change Component Designator: Old Designator=C129 New Designator=C145
Change Component Designator: Old Designator=C130 New Designator=C146
Change Component Designator: Old Designator=C131 New Designator=C147
Change Component Designator: Old Designator=C132 New Designator=C148
Change Component Designator: Old Designator=C133 New Designator=C149
Change Component Designator: Old Designator=C134 New Designator=C150
Change Component Designator: Old Designator=D1 New Designator=D5
Change Component Designator: Old Designator=D2 New Designator=D6
Change Component Designator: Old Designator=D3 New Designator=D7
Change Component Designator: Old Designator=D4 New Designator=D8
Change Component Designator: Old Designator=D5 New Designator=D9
Change Component Designator: Old Designator=J1 New Designator=J2
Change Component Designator: Old Designator=L5 New Designator=L9
Change Component Designator: Old Designator=L6 New Designator=L10
Change Component Designator: Old Designator=R28 New Designator=R40
Change Component Designator: Old Designator=R29 New Designator=R41
Change Component Designator: Old Designator=R30 New Designator=R42
Change Component Designator: Old Designator=R31 New Designator=R43
Change Component Designator: Old Designator=R32 New Designator=R44
Change Component Designator: Old Designator=R33 New Designator=R45
Change Component Designator: Old Designator=R34 New Designator=R46
Change Component Designator: Old Designator=R35 New Designator=R47
Change Component Designator: Old Designator=R36 New Designator=R48
Change Component Designator: Old Designator=R37 New Designator=R49
Change Component Designator: Old Designator=R38 New Designator=R50
Change Component Designator: Old Designator=R39 New Designator=R51
Change Component Designator: Old Designator=R40 New Designator=R52
Change Component Designator: Old Designator=U5 New Designator=U8
