Change Component Designator: Old Designator=C165 New Designator=C179
Change Component Designator: Old Designator=C166 New Designator=C180
Change Component Designator: Old Designator=C167 New Designator=C181
Change Component Designator: Old Designator=C168 New Designator=C182
Change Component Designator: Old Designator=C169 New Designator=C183
Change Component Designator: Old Designator=C170 New Designator=C184
Change Component Designator: Old Designator=C171 New Designator=C185
Change Component Designator: Old Designator=C172 New Designator=C186
Change Component Designator: Old Designator=C173 New Designator=C187
Change Component Designator: Old Designator=C174 New Designator=C188
Change Component Designator: Old Designator=J6 New Designator=J8
Change Component Designator: Old Designator=J7 New Designator=J9
Change Component Designator: Old Designator=R71 New Designator=R78
Change Component Designator: Old Designator=R72 New Designator=R79
Change Component Designator: Old Designator=R73 New Designator=R80
Change Component Designator: Old Designator=R74 New Designator=R81
Change Component Designator: Old Designator=R75 New Designator=R82
Change Component Designator: Old Designator=R76 New Designator=R83
Change Component Designator: Old Designator=R77 New Designator=R84
Change Component Designator: Old Designator=R78 New Designator=R85
Change Component Designator: Old Designator=R79 New Designator=R86
Change Component Designator: Old Designator=R80 New Designator=R87
Change Component Designator: Old Designator=R81 New Designator=R88
Change Component Designator: Old Designator=R82 New Designator=R89
Change Component Designator: Old Designator=R83 New Designator=R90
Change Component Designator: Old Designator=R84 New Designator=R91
Change Component Designator: Old Designator=R85 New Designator=R92
Change Component Designator: Old Designator=R86 New Designator=R93
Change Component Designator: Old Designator=R87 New Designator=R94
Change Component Designator: Old Designator=U11 New Designator=U19
Change Component Designator: Old Designator=U12 New Designator=U20
Change Component Designator: Old Designator=Y3 New Designator=Y5
