Change Component Designator: Old Designator=C152 New Designator=C166
Change Component Designator: Old Designator=C153 New Designator=C167
Change Component Designator: Old Designator=C154 New Designator=C168
Change Component Designator: Old Designator=C155 New Designator=C169
Change Component Designator: Old Designator=C156 New Designator=C170
Change Component Designator: Old Designator=C157 New Designator=C171
Change Component Designator: Old Designator=C158 New Designator=C172
Change Component Designator: Old Designator=C159 New Designator=C173
Change Component Designator: Old Designator=C160 New Designator=C174
Change Component Designator: Old Designator=C161 New Designator=C175
Change Component Designator: Old Designator=C162 New Designator=C176
Change Component Designator: Old Designator=C163 New Designator=C177
Change Component Designator: Old Designator=C164 New Designator=C178
Change Component Designator: Old Designator=D14 New Designator=D22
Change Component Designator: Old Designator=D15 New Designator=D23
Change Component Designator: Old Designator=D16 New Designator=D24
Change Component Designator: Old Designator=D17 New Designator=D25
Change Component Designator: Old Designator=D18 New Designator=D26
Change Component Designator: Old Designator=J5 New Designator=J7
Change Component Designator: Old Designator=R56 New Designator=R63
Change Component Designator: Old Designator=R57 New Designator=R64
Change Component Designator: Old Designator=R58 New Designator=R65
Change Component Designator: Old Designator=R59 New Designator=R66
Change Component Designator: Old Designator=R60 New Designator=R67
Change Component Designator: Old Designator=R61 New Designator=R68
Change Component Designator: Old Designator=R62 New Designator=R69
Change Component Designator: Old Designator=R63 New Designator=R70
Change Component Designator: Old Designator=R64 New Designator=R71
Change Component Designator: Old Designator=R65 New Designator=R72
Change Component Designator: Old Designator=R66 New Designator=R73
Change Component Designator: Old Designator=R67 New Designator=R74
Change Component Designator: Old Designator=R68 New Designator=R75
Change Component Designator: Old Designator=R69 New Designator=R76
Change Component Designator: Old Designator=R70 New Designator=R77
Change Component Designator: Old Designator=TP2 New Designator=TP6
Change Component Designator: Old Designator=TP3 New Designator=TP7
Change Component Designator: Old Designator=TP4 New Designator=TP8
Change Component Designator: Old Designator=TP5 New Designator=TP9
Change Component Designator: Old Designator=TP6 New Designator=TP10
Change Component Designator: Old Designator=TP7 New Designator=TP11
Change Component Designator: Old Designator=TP8 New Designator=TP12
Change Component Designator: Old Designator=TP9 New Designator=TP13
Change Component Designator: Old Designator=U9 New Designator=U17
Change Component Designator: Old Designator=U10 New Designator=U18
