Change Component Designator: Old Designator=C1 New Designator=C81
Change Component Designator: Old Designator=C2 New Designator=C82
Change Component Designator: Old Designator=C3 New Designator=C83
Change Component Designator: Old Designator=C4 New Designator=C84
Change Component Designator: Old Designator=C5 New Designator=C85
Change Component Designator: Old Designator=C6 New Designator=C86
Change Component Designator: Old Designator=C7 New Designator=C87
Change Component Designator: Old Designator=C8 New Designator=C88
Change Component Designator: Old Designator=C9 New Designator=C89
Change Component Designator: Old Designator=C10 New Designator=C90
Change Component Designator: Old Designator=C11 New Designator=C91
Change Component Designator: Old Designator=L1 New Designator=L5
Change Component Designator: Old Designator=L2 New Designator=L6
Change Component Designator: Old Designator=R1 New Designator=R22
Change Component Designator: Old Designator=R2 New Designator=R23
Change Component Designator: Old Designator=R3 New Designator=R24
Change Component Designator: Old Designator=R4 New Designator=R25
Change Component Designator: Old Designator=R5 New Designator=R26
Change Component Designator: Old Designator=R6 New Designator=R27
Change Component Designator: Old Designator=R7 New Designator=R28
Change Component Designator: Old Designator=R8 New Designator=R29
Change Component Designator: Old Designator=R9 New Designator=R30
Change Component Designator: Old Designator=R10 New Designator=R31
Change Component Designator: Old Designator=R11 New Designator=R32
Change Component Designator: Old Designator=R12 New Designator=R33
Change Component Designator: Old Designator=R13 New Designator=R34
Change Component Designator: Old Designator=TP1 New Designator=TP6
Change Component Designator: Old Designator=TP2 New Designator=TP7
Change Component Designator: Old Designator=TP3 New Designator=TP8
Change Component Designator: Old Designator=TP4 New Designator=TP9
Change Component Designator: Old Designator=TP5 New Designator=TP10
Change Component Designator: Old Designator=TP6 New Designator=TP11
Change Component Designator: Old Designator=TP7 New Designator=TP12
Change Component Designator: Old Designator=U1 New Designator=U3
