Change Component Designator: Old Designator=C136 New Designator=C150
Change Component Designator: Old Designator=C137 New Designator=C151
Change Component Designator: Old Designator=C138 New Designator=C152
Change Component Designator: Old Designator=C139 New Designator=C153
Change Component Designator: Old Designator=C140 New Designator=C154
Change Component Designator: Old Designator=C141 New Designator=C155
Change Component Designator: Old Designator=C142 New Designator=C156
Change Component Designator: Old Designator=C143 New Designator=C157
Change Component Designator: Old Designator=C144 New Designator=C158
Change Component Designator: Old Designator=C145 New Designator=C159
Change Component Designator: Old Designator=C146 New Designator=C160
Change Component Designator: Old Designator=C147 New Designator=C161
Change Component Designator: Old Designator=C148 New Designator=C162
Change Component Designator: Old Designator=C149 New Designator=C163
Change Component Designator: Old Designator=C150 New Designator=C164
Change Component Designator: Old Designator=C151 New Designator=C165
Change Component Designator: Old Designator=D10 New Designator=D18
Change Component Designator: Old Designator=D11 New Designator=D19
Change Component Designator: Old Designator=D12 New Designator=D20
Change Component Designator: Old Designator=D13 New Designator=D21
Change Component Designator: Old Designator=J4 New Designator=J6
Change Component Designator: Old Designator=R44 New Designator=R51
Change Component Designator: Old Designator=R45 New Designator=R52
Change Component Designator: Old Designator=R46 New Designator=R53
Change Component Designator: Old Designator=R47 New Designator=R54
Change Component Designator: Old Designator=R48 New Designator=R55
Change Component Designator: Old Designator=R49 New Designator=R56
Change Component Designator: Old Designator=R50 New Designator=R57
Change Component Designator: Old Designator=R51 New Designator=R58
Change Component Designator: Old Designator=R52 New Designator=R59
Change Component Designator: Old Designator=R53 New Designator=R60
Change Component Designator: Old Designator=R54 New Designator=R61
Change Component Designator: Old Designator=R55 New Designator=R62
Change Component Designator: Old Designator=U6 New Designator=U14
Change Component Designator: Old Designator=U7 New Designator=U15
Change Component Designator: Old Designator=U8 New Designator=U16
