Change Component Designator: Old Designator=C157 New Designator=C159
Change Component Designator: Old Designator=C158 New Designator=C160
Change Component Designator: Old Designator=C159 New Designator=C161
Change Component Designator: Old Designator=C160 New Designator=C162
Change Component Designator: Old Designator=C161 New Designator=C163
Change Component Designator: Old Designator=C162 New Designator=C164
Change Component Designator: Old Designator=C163 New Designator=C165
Change Component Designator: Old Designator=C164 New Designator=C166
Change Component Designator: Old Designator=C165 New Designator=C168
Change Component Designator: Old Designator=C166 New Designator=C167
Change Component Designator: Old Designator=J? New Designator=J6
Change Component Designator: Old Designator=R68 New Designator=R70
Change Component Designator: Old Designator=R69 New Designator=R71
Change Component Designator: Old Designator=R70 New Designator=R72
Change Component Designator: Old Designator=R71 New Designator=R73
Change Component Designator: Old Designator=R72 New Designator=R75
Change Component Designator: Old Designator=R73 New Designator=R80
Change Component Designator: Old Designator=R74 New Designator=R81
Change Component Designator: Old Designator=R? New Designator=R74
Change Component Designator: Old Designator=R? New Designator=R76
Change Component Designator: Old Designator=R? New Designator=R77
Change Component Designator: Old Designator=R? New Designator=R78
Change Component Designator: Old Designator=R? New Designator=R79
Change Component Designator: Old Designator=R? New Designator=R82
Change Component Designator: Old Designator=R? New Designator=R83
Change Component Designator: Old Designator=R? New Designator=R84
Change Component Designator: Old Designator=R? New Designator=R85
Change Component Designator: Old Designator=R? New Designator=R86
Change Component Designator: Old Designator=U9 New Designator=U10
Change Component Designator: Old Designator=U10 New Designator=U11
Change Component Designator: Old Designator=Y? New Designator=Y3
